<?xml version="1.0" encoding="UTF-8"?>
<testng-results ignored="0" total="2" passed="2" failed="0" skipped="0">
  <reporter-output>
  </reporter-output>
  <suite started-at="2023-11-29T21:06:43 EET" name="Default suite" finished-at="2023-11-29T21:06:47 EET" duration-ms="3562">
    <groups>
    </groups>
    <test started-at="2023-11-29T21:06:43 EET" name="Default test" finished-at="2023-11-29T21:06:47 EET" duration-ms="3562">
      <class name="lab.Lab">
        <test-method is-config="true" signature="setup()[pri:0, instance:lab.Lab@2b43529a]" started-at="2023-11-29T21:06:43 EET" name="setup" finished-at="2023-11-29T21:06:45 EET" duration-ms="2017" status="PASS">
          <reporter-output>
          </reporter-output>
        </test-method> <!-- setup -->
        <test-method signature="Login()[pri:1, instance:lab.Lab@2b43529a]" started-at="2023-11-29T21:06:45 EET" name="Login" finished-at="2023-11-29T21:06:46 EET" duration-ms="835" status="PASS">
          <reporter-output>
          </reporter-output>
        </test-method> <!-- Login -->
        <test-method signature="print()[pri:2, instance:lab.Lab@2b43529a]" started-at="2023-11-29T21:06:46 EET" name="print" finished-at="2023-11-29T21:06:47 EET" duration-ms="663" status="PASS">
          <reporter-output>
          </reporter-output>
        </test-method> <!-- print -->
        <test-method is-config="true" signature="postTest()[pri:0, instance:lab.Lab@2b43529a]" started-at="2023-11-29T21:06:47 EET" name="postTest" finished-at="2023-11-29T21:06:47 EET" duration-ms="1" status="PASS">
          <reporter-output>
          </reporter-output>
        </test-method> <!-- postTest -->
      </class> <!-- lab.Lab -->
    </test> <!-- Default test -->
  </suite> <!-- Default suite -->
</testng-results>
